<?xml version="1.0" encoding="UTF-8"?>
<testsuite name="TestSuite" time="45.202" tests="1" errors="0" skipped="0" failures="0">
  <properties>
    <property name="JOB_NAME" value="GitJenkinsIntegration"/>
    <property name="java.vendor" value="Oracle Corporation"/>
    <property name="RUN_TESTS_DISPLAY_URL" value="http://localhost:8080/job/GitJenkinsIntegration/7/display/redirect?page=tests"/>
    <property name="sun.java.launcher" value="SUN_STANDARD"/>
    <property name="sun.management.compiler" value="HotSpot 64-Bit Tiered Compilers"/>
    <property name="JENKINS_HOME" value="/Users/thangam/.jenkins"/>
    <property name="PATH" value="/Library/Java/JavaVirtualMachines/jdk-21.jdk/Contents/Home/bin:/usr/bin:/bin:/usr/sbin:/sbin"/>
    <property name="HUDSON_SERVER_COOKIE" value="618f6a2c8fb2def6"/>
    <property name="POM_ARTIFACTID" value="YTFramework"/>
    <property name="os.name" value="Mac OS X"/>
    <property name="EXECUTOR_NUMBER" value="0"/>
    <property name="java.vm.specification.vendor" value="Oracle Corporation"/>
    <property name="POM_DISPLAYNAME" value="org.testing.TestScripts"/>
    <property name="NODE_LABELS" value="built-in"/>
    <property name="java.runtime.version" value="21+35-LTS-2513"/>
    <property name="user.name" value="thangam"/>
    <property name="guice.disable.misplaced.annotation.check" value="true"/>
    <property name="stdout.encoding" value="UTF-8"/>
    <property name="user.language" value="en"/>
    <property name="JOB_BASE_NAME" value="GitJenkinsIntegration"/>
    <property name="RUN_CHANGES_DISPLAY_URL" value="http://localhost:8080/job/GitJenkinsIntegration/7/display/redirect?page=changes"/>
    <property name="BUILD_DISPLAY_NAME" value="#7"/>
    <property name="TMPDIR" value="/var/folders/g1/jyh16rns20vb1vz0cgxqcg_80000gp/T/"/>
    <property name="sun.boot.library.path" value="/Library/Java/JavaVirtualMachines/jdk-21.jdk/Contents/Home/lib"/>
    <property name="GIT_PREVIOUS_SUCCESSFUL_COMMIT" value="b4470283e46f9cf9a5b20e7c5f15fd79e0e3013e"/>
    <property name="java.vm.compressedOopsMode" value="Zero based"/>
    <property name="java.version" value="21"/>
    <property name="XPC_FLAGS" value="0x0"/>
    <property name="user.timezone" value="America/New_York"/>
    <property name="sun.arch.data.model" value="64"/>
    <property name="NODE_NAME" value="built-in"/>
    <property name="http.nonProxyHosts" value="local|*.local|169.254/16|*.169.254/16"/>
    <property name="BUILD_ID" value="7"/>
    <property name="sun.jnu.encoding" value="UTF-8"/>
    <property name="SHELL" value="/bin/zsh"/>
    <property name="file.separator" value="/"/>
    <property name="java.specification.name" value="Java Platform API Specification"/>
    <property name="maven.conf" value="/Users/thangam/.jenkins/tools/hudson.tasks.Maven_MavenInstallation/_Users_thangam_apache-maven-3.9.6_bin_mvn/conf"/>
    <property name="java.class.version" value="65.0"/>
    <property name="org.slf4j.simpleLogger.defaultLogLevel" value="info"/>
    <property name="user.country" value="US"/>
    <property name="java.home" value="/Library/Java/JavaVirtualMachines/jdk-21.jdk/Contents/Home"/>
    <property name="java.vm.info" value="mixed mode, sharing"/>
    <property name="os.version" value="13.3.1"/>
    <property name="RUN_DISPLAY_URL" value="http://localhost:8080/job/GitJenkinsIntegration/7/display/redirect"/>
    <property name="POM_VERSION" value="0.0.1-SNAPSHOT"/>
    <property name="path.separator" value=":"/>
    <property name="RUN_ARTIFACTS_DISPLAY_URL" value="http://localhost:8080/job/GitJenkinsIntegration/7/display/redirect?page=artifacts"/>
    <property name="java.vm.version" value="21+35-LTS-2513"/>
    <property name="GIT_PREVIOUS_COMMIT" value="b4470283e46f9cf9a5b20e7c5f15fd79e0e3013e"/>
    <property name="stderr.encoding" value="UTF-8"/>
    <property name="JOB_DISPLAY_URL" value="http://localhost:8080/job/GitJenkinsIntegration/display/redirect"/>
    <property name="JAVA_HOME" value="/Library/Java/JavaVirtualMachines/jdk-21.jdk/Contents/Home"/>
    <property name="sun.io.unicode.encoding" value="UnicodeBig"/>
    <property name="LOGNAME" value="thangam"/>
    <property name="POM_PACKAGING" value="jar"/>
    <property name="socksNonProxyHosts" value="local|*.local|169.254/16|*.169.254/16"/>
    <property name="HOME" value="/Users/thangam"/>
    <property name="ftp.nonProxyHosts" value="local|*.local|169.254/16|*.169.254/16"/>
    <property name="POM_GROUPID" value="com.YT"/>
    <property name="user.home" value="/Users/thangam"/>
    <property name="BUILD_TAG" value="jenkins-GitJenkinsIntegration-7"/>
    <property name="JENKINS_SERVER_COOKIE" value="618f6a2c8fb2def6"/>
    <property name="XPC_SERVICE_NAME" value="homebrew.mxcl.jenkins-lts"/>
    <property name="HUDSON_URL" value="http://localhost:8080/"/>
    <property name="java.version.date" value="2023-09-19"/>
    <property name="java.specification.vendor" value="Oracle Corporation"/>
    <property name="CLASSPATH" value=""/>
    <property name="java.library.path" value="/Users/thangam/Library/Java/Extensions:/Library/Java/Extensions:/Network/Library/Java/Extensions:/System/Library/Java/Extensions:/usr/lib/java:."/>
    <property name="java.vendor.url" value="https://java.oracle.com/"/>
    <property name="java.vm.vendor" value="Oracle Corporation"/>
    <property name="java.runtime.name" value="Java(TM) SE Runtime Environment"/>
    <property name="maven.home" value="/Users/thangam/.jenkins/tools/hudson.tasks.Maven_MavenInstallation/_Users_thangam_apache-maven-3.9.6_bin_mvn"/>
    <property name="sun.java.command" value="jenkins.maven3.agent.Maven35Main /Users/thangam/.jenkins/tools/hudson.tasks.Maven_MavenInstallation/_Users_thangam_apache-maven-3.9.6_bin_mvn /Users/thangam/.jenkins/war/WEB-INF/lib/remoting-3160.vd76b_9ddd10cc.jar /Users/thangam/.jenkins/plugins/maven-plugin/WEB-INF/lib/maven35-interceptor-1.14.jar /Users/thangam/.jenkins/plugins/maven-plugin/WEB-INF/lib/maven3-interceptor-commons-1.14.jar 54179"/>
    <property name="java.class.path" value="/Users/thangam/.jenkins/plugins/maven-plugin/WEB-INF/lib/maven35-agent-1.14.jar:/Users/thangam/.jenkins/tools/hudson.tasks.Maven_MavenInstallation/_Users_thangam_apache-maven-3.9.6_bin_mvn/boot/plexus-classworlds-2.7.0.jar:/Users/thangam/.jenkins/tools/hudson.tasks.Maven_MavenInstallation/_Users_thangam_apache-maven-3.9.6_bin_mvn/conf/logging"/>
    <property name="native.encoding" value="UTF-8"/>
    <property name="jdk.debug" value="release"/>
    <property name="java.vm.specification.name" value="Java Virtual Machine Specification"/>
    <property name="jansi.mode" value="strip"/>
    <property name="PATH+JDK" value="/Library/Java/JavaVirtualMachines/jdk-21.jdk/Contents/Home/bin"/>
    <property name="java.vm.specification.version" value="21"/>
    <property name="M2_HOME" value="/Users/thangam/.jenkins/tools/hudson.tasks.Maven_MavenInstallation/_Users_thangam_apache-maven-3.9.6_bin_mvn"/>
    <property name="sun.cpu.endian" value="little"/>
    <property name="CI" value="true"/>
    <property name="java.io.tmpdir" value="/var/folders/g1/jyh16rns20vb1vz0cgxqcg_80000gp/T/"/>
    <property name="HUDSON_HOME" value="/Users/thangam/.jenkins"/>
    <property name="PATH+MAVEN" value="/Users/thangam/.jenkins/tools/hudson.tasks.Maven_MavenInstallation/_Users_thangam_apache-maven-3.9.6_bin_mvn/bin"/>
    <property name="java.vendor.url.bug" value="https://bugreport.java.com/bugreport/"/>
    <property name="BUILD_URL" value="http://localhost:8080/job/GitJenkinsIntegration/7/"/>
    <property name="SSH_AUTH_SOCK" value="/private/tmp/com.apple.launchd.LaP7HVyDy5/Listeners"/>
    <property name="os.arch" value="aarch64"/>
    <property name="__CF_USER_TEXT_ENCODING" value="0x1F6:0x0:0x0"/>
    <property name="user.dir" value="/Users/thangam/Documents/YTFramework"/>
    <property name="JOB_URL" value="http://localhost:8080/job/GitJenkinsIntegration/"/>
    <property name="apple.awt.application.name" value="Maven35Main"/>
    <property name="MAVEN_HOME" value="/Users/thangam/.jenkins/tools/hudson.tasks.Maven_MavenInstallation/_Users_thangam_apache-maven-3.9.6_bin_mvn"/>
    <property name="line.separator" value="&#10;"/>
    <property name="java.vm.name" value="Java HotSpot(TM) 64-Bit Server VM"/>
    <property name="BUILD_NUMBER" value="7"/>
    <property name="JENKINS_URL" value="http://localhost:8080/"/>
    <property name="GIT_BRANCH" value="origin/master"/>
    <property name="GIT_COMMIT" value="b4470283e46f9cf9a5b20e7c5f15fd79e0e3013e"/>
    <property name="file.encoding" value="UTF-8"/>
    <property name="maven3.interceptor" value="/Users/thangam/.jenkins/plugins/maven-plugin/WEB-INF/lib/maven35-interceptor-1.14.jar"/>
    <property name="WORKSPACE_TMP" value="/Users/thangam/.jenkins/workspace/GitJenkinsIntegration@tmp"/>
    <property name="WORKSPACE" value="/Users/thangam/.jenkins/workspace/GitJenkinsIntegration"/>
    <property name="maven3.interceptor.common" value="/Users/thangam/.jenkins/plugins/maven-plugin/WEB-INF/lib/maven3-interceptor-commons-1.14.jar"/>
    <property name="java.specification.version" value="21"/>
    <property name="USER" value="thangam"/>
    <property name="GIT_URL" value="https://github.com/ThangamTS/OctBatchNew.git"/>
  </properties>
  <testcase name="trending_click" classname="org.testing.TestScripts.TC1" time="45.202"/>
</testsuite>