<?xml version="1.0" encoding="UTF-8"?>
<!-- Generated by org.testng.reporters.JUnitReportReporter -->
<testsuite hostname="Balas-MacBook-Air.local" failures="0" tests="1" name="org.testing.TestScripts.TC1" time="45.187" errors="0" timestamp="2023-12-29T20:18:49 EST" skipped="0">
  <testcase classname="org.testing.TestScripts.TC1" name="trending_click" time="45.187"/>
</testsuite> <!-- org.testing.TestScripts.TC1 -->
